<?xml version="1.0" encoding="UTF-8"?>
<!-- Generated by org.testng.reporters.JUnitReportReporter -->
<testsuite hostname="shadaNawatha" failures="0" tests="1" name="Selleniun_start_projects.Selleniun_start_projects.AppTest" time="9.296" errors="0" timestamp="1 Feb 2025 13:10:46 GMT">
  <testcase classname="Selleniun_start_projects.Selleniun_start_projects.AppTest" name="Tests1" time="9.296"/>
</testsuite> <!-- Selleniun_start_projects.Selleniun_start_projects.AppTest -->
